This is pdfTeX, Version 3.14159265-2.6-1.40.16 (MiKTeX 2.9 64-bit) (preloaded format=pdflatex 2015.9.13)  29 DEC 2017 03:35
entering extended mode
**apunte.tex
(apunte.tex
LaTeX2e <2015/01/01> patch level 2
Babel <3.9m> and hyphenation patterns for 69 languages loaded.
("C:\Program Files\MiKTeX 2.9\tex\latex\base\report.cls"
Document Class: report 2014/09/29 v1.4h Standard LaTeX document class
("C:\Program Files\MiKTeX 2.9\tex\latex\base\size10.clo"
File: size10.clo 2014/09/29 v1.4h Standard LaTeX file (size option)
)
\c@part=\count79
\c@chapter=\count80
\c@section=\count81
\c@subsection=\count82
\c@subsubsection=\count83
\c@paragraph=\count84
\c@subparagraph=\count85
\c@figure=\count86
\c@table=\count87
\abovecaptionskip=\skip41
\belowcaptionskip=\skip42
\bibindent=\dimen102
)
("C:\Program Files\MiKTeX 2.9\tex\generic\babel\babel.sty"
Package: babel 2015/08/03 3.9m The Babel package

*************************************
* Local config file bblopts.cfg used
*
("C:\Program Files\MiKTeX 2.9\tex\latex\00miktex\bblopts.cfg"
File: bblopts.cfg 2006/07/31 v1.0 MiKTeX 'babel' configuration
)
("C:\Program Files\MiKTeX 2.9\tex\latex\babel-spanish\spanish.ldf"
Language: spanish.ldf 2014/04/24 v5.0n Spanish support from the babel system

("C:\Program Files\MiKTeX 2.9\tex\generic\babel\babel.def"
File: babel.def 2015/08/03 3.9m Babel common definitions
\babel@savecnt=\count88
\U@D=\dimen103
)
\es@quottoks=\toks14
\es@quotdepth=\count89
Package babel Info: Making " an active character on input line 516.
Package babel Info: Making . an active character on input line 617.
Package babel Info: Making < an active character on input line 662.
Package babel Info: Making > an active character on input line 662.
))
("C:\Program Files\MiKTeX 2.9\tex\latex\preprint\fullpage.sty"
Package: fullpage 1999/02/23 1.1 (PWD)
\FP@margin=\skip43
)
("C:\Program Files\MiKTeX 2.9\tex\latex\graphics\graphicx.sty"
Package: graphicx 2014/10/28 v1.0g Enhanced LaTeX Graphics (DPC,SPQR)

("C:\Program Files\MiKTeX 2.9\tex\latex\graphics\keyval.sty"
Package: keyval 2014/10/28 v1.15 key=value parser (DPC)
\KV@toks@=\toks15
)
("C:\Program Files\MiKTeX 2.9\tex\latex\graphics\graphics.sty"
Package: graphics 2014/10/28 v1.0p Standard LaTeX Graphics (DPC,SPQR)

("C:\Program Files\MiKTeX 2.9\tex\latex\graphics\trig.sty"
Package: trig 1999/03/16 v1.09 sin cos tan (DPC)
)
("C:\Program Files\MiKTeX 2.9\tex\latex\00miktex\graphics.cfg"
File: graphics.cfg 2007/01/18 v1.5 graphics configuration of teTeX/TeXLive
)
Package graphics Info: Driver file: pdftex.def on input line 94.

("C:\Program Files\MiKTeX 2.9\tex\latex\pdftex-def\pdftex.def"
File: pdftex.def 2011/05/27 v0.06d Graphics/color for pdfTeX

("C:\Program Files\MiKTeX 2.9\tex\generic\oberdiek\infwarerr.sty"
Package: infwarerr 2010/04/08 v1.3 Providing info/warning/error messages (HO)
)
("C:\Program Files\MiKTeX 2.9\tex\generic\oberdiek\ltxcmds.sty"
Package: ltxcmds 2011/11/09 v1.22 LaTeX kernel commands for general use (HO)
)
\Gread@gobject=\count90
))
\Gin@req@height=\dimen104
\Gin@req@width=\dimen105
)
("C:\Program Files\MiKTeX 2.9\tex\latex\base\inputenc.sty"
Package: inputenc 2015/03/17 v1.2c Input encoding file
\inpenc@prehook=\toks16
\inpenc@posthook=\toks17

("C:\Program Files\MiKTeX 2.9\tex\latex\base\utf8.def"
File: utf8.def 2015/06/27 v1.1n UTF-8 support for inputenc
Now handling font encoding OML ...
... no UTF-8 mapping file for font encoding OML
Now handling font encoding T1 ...
... processing UTF-8 mapping file for font encoding T1

("C:\Program Files\MiKTeX 2.9\tex\latex\base\t1enc.dfu"
File: t1enc.dfu 2015/06/27 v1.1n UTF-8 support for inputenc
   defining Unicode char U+00A1 (decimal 161)
   defining Unicode char U+00A3 (decimal 163)
   defining Unicode char U+00AB (decimal 171)
   defining Unicode char U+00BB (decimal 187)
   defining Unicode char U+00BF (decimal 191)
   defining Unicode char U+00C0 (decimal 192)
   defining Unicode char U+00C1 (decimal 193)
   defining Unicode char U+00C2 (decimal 194)
   defining Unicode char U+00C3 (decimal 195)
   defining Unicode char U+00C4 (decimal 196)
   defining Unicode char U+00C5 (decimal 197)
   defining Unicode char U+00C6 (decimal 198)
   defining Unicode char U+00C7 (decimal 199)
   defining Unicode char U+00C8 (decimal 200)
   defining Unicode char U+00C9 (decimal 201)
   defining Unicode char U+00CA (decimal 202)
   defining Unicode char U+00CB (decimal 203)
   defining Unicode char U+00CC (decimal 204)
   defining Unicode char U+00CD (decimal 205)
   defining Unicode char U+00CE (decimal 206)
   defining Unicode char U+00CF (decimal 207)
   defining Unicode char U+00D0 (decimal 208)
   defining Unicode char U+00D1 (decimal 209)
   defining Unicode char U+00D2 (decimal 210)
   defining Unicode char U+00D3 (decimal 211)
   defining Unicode char U+00D4 (decimal 212)
   defining Unicode char U+00D5 (decimal 213)
   defining Unicode char U+00D6 (decimal 214)
   defining Unicode char U+00D8 (decimal 216)
   defining Unicode char U+00D9 (decimal 217)
   defining Unicode char U+00DA (decimal 218)
   defining Unicode char U+00DB (decimal 219)
   defining Unicode char U+00DC (decimal 220)
   defining Unicode char U+00DD (decimal 221)
   defining Unicode char U+00DE (decimal 222)
   defining Unicode char U+00DF (decimal 223)
   defining Unicode char U+00E0 (decimal 224)
   defining Unicode char U+00E1 (decimal 225)
   defining Unicode char U+00E2 (decimal 226)
   defining Unicode char U+00E3 (decimal 227)
   defining Unicode char U+00E4 (decimal 228)
   defining Unicode char U+00E5 (decimal 229)
   defining Unicode char U+00E6 (decimal 230)
   defining Unicode char U+00E7 (decimal 231)
   defining Unicode char U+00E8 (decimal 232)
   defining Unicode char U+00E9 (decimal 233)
   defining Unicode char U+00EA (decimal 234)
   defining Unicode char U+00EB (decimal 235)
   defining Unicode char U+00EC (decimal 236)
   defining Unicode char U+00ED (decimal 237)
   defining Unicode char U+00EE (decimal 238)
   defining Unicode char U+00EF (decimal 239)
   defining Unicode char U+00F0 (decimal 240)
   defining Unicode char U+00F1 (decimal 241)
   defining Unicode char U+00F2 (decimal 242)
   defining Unicode char U+00F3 (decimal 243)
   defining Unicode char U+00F4 (decimal 244)
   defining Unicode char U+00F5 (decimal 245)
   defining Unicode char U+00F6 (decimal 246)
   defining Unicode char U+00F8 (decimal 248)
   defining Unicode char U+00F9 (decimal 249)
   defining Unicode char U+00FA (decimal 250)
   defining Unicode char U+00FB (decimal 251)
   defining Unicode char U+00FC (decimal 252)
   defining Unicode char U+00FD (decimal 253)
   defining Unicode char U+00FE (decimal 254)
   defining Unicode char U+00FF (decimal 255)
   defining Unicode char U+0102 (decimal 258)
   defining Unicode char U+0103 (decimal 259)
   defining Unicode char U+0104 (decimal 260)
   defining Unicode char U+0105 (decimal 261)
   defining Unicode char U+0106 (decimal 262)
   defining Unicode char U+0107 (decimal 263)
   defining Unicode char U+010C (decimal 268)
   defining Unicode char U+010D (decimal 269)
   defining Unicode char U+010E (decimal 270)
   defining Unicode char U+010F (decimal 271)
   defining Unicode char U+0110 (decimal 272)
   defining Unicode char U+0111 (decimal 273)
   defining Unicode char U+0118 (decimal 280)
   defining Unicode char U+0119 (decimal 281)
   defining Unicode char U+011A (decimal 282)
   defining Unicode char U+011B (decimal 283)
   defining Unicode char U+011E (decimal 286)
   defining Unicode char U+011F (decimal 287)
   defining Unicode char U+0130 (decimal 304)
   defining Unicode char U+0131 (decimal 305)
   defining Unicode char U+0132 (decimal 306)
   defining Unicode char U+0133 (decimal 307)
   defining Unicode char U+0139 (decimal 313)
   defining Unicode char U+013A (decimal 314)
   defining Unicode char U+013D (decimal 317)
   defining Unicode char U+013E (decimal 318)
   defining Unicode char U+0141 (decimal 321)
   defining Unicode char U+0142 (decimal 322)
   defining Unicode char U+0143 (decimal 323)
   defining Unicode char U+0144 (decimal 324)
   defining Unicode char U+0147 (decimal 327)
   defining Unicode char U+0148 (decimal 328)
   defining Unicode char U+014A (decimal 330)
   defining Unicode char U+014B (decimal 331)
   defining Unicode char U+0150 (decimal 336)
   defining Unicode char U+0151 (decimal 337)
   defining Unicode char U+0152 (decimal 338)
   defining Unicode char U+0153 (decimal 339)
   defining Unicode char U+0154 (decimal 340)
   defining Unicode char U+0155 (decimal 341)
   defining Unicode char U+0158 (decimal 344)
   defining Unicode char U+0159 (decimal 345)
   defining Unicode char U+015A (decimal 346)
   defining Unicode char U+015B (decimal 347)
   defining Unicode char U+015E (decimal 350)
   defining Unicode char U+015F (decimal 351)
   defining Unicode char U+0160 (decimal 352)
   defining Unicode char U+0161 (decimal 353)
   defining Unicode char U+0162 (decimal 354)
   defining Unicode char U+0163 (decimal 355)
   defining Unicode char U+0164 (decimal 356)
   defining Unicode char U+0165 (decimal 357)
   defining Unicode char U+016E (decimal 366)
   defining Unicode char U+016F (decimal 367)
   defining Unicode char U+0170 (decimal 368)
   defining Unicode char U+0171 (decimal 369)
   defining Unicode char U+0178 (decimal 376)
   defining Unicode char U+0179 (decimal 377)
   defining Unicode char U+017A (decimal 378)
   defining Unicode char U+017B (decimal 379)
   defining Unicode char U+017C (decimal 380)
   defining Unicode char U+017D (decimal 381)
   defining Unicode char U+017E (decimal 382)
   defining Unicode char U+200C (decimal 8204)
   defining Unicode char U+2013 (decimal 8211)
   defining Unicode char U+2014 (decimal 8212)
   defining Unicode char U+2018 (decimal 8216)
   defining Unicode char U+2019 (decimal 8217)
   defining Unicode char U+201A (decimal 8218)
   defining Unicode char U+201C (decimal 8220)
   defining Unicode char U+201D (decimal 8221)
   defining Unicode char U+201E (decimal 8222)
   defining Unicode char U+2030 (decimal 8240)
   defining Unicode char U+2031 (decimal 8241)
   defining Unicode char U+2039 (decimal 8249)
   defining Unicode char U+203A (decimal 8250)
   defining Unicode char U+2423 (decimal 9251)
)
Now handling font encoding OT1 ...
... processing UTF-8 mapping file for font encoding OT1

("C:\Program Files\MiKTeX 2.9\tex\latex\base\ot1enc.dfu"
File: ot1enc.dfu 2015/06/27 v1.1n UTF-8 support for inputenc
   defining Unicode char U+00A1 (decimal 161)
   defining Unicode char U+00A3 (decimal 163)
   defining Unicode char U+00B8 (decimal 184)
   defining Unicode char U+00BF (decimal 191)
   defining Unicode char U+00C5 (decimal 197)
   defining Unicode char U+00C6 (decimal 198)
   defining Unicode char U+00D8 (decimal 216)
   defining Unicode char U+00DF (decimal 223)
   defining Unicode char U+00E6 (decimal 230)
   defining Unicode char U+00EC (decimal 236)
   defining Unicode char U+00ED (decimal 237)
   defining Unicode char U+00EE (decimal 238)
   defining Unicode char U+00EF (decimal 239)
   defining Unicode char U+00F8 (decimal 248)
   defining Unicode char U+0131 (decimal 305)
   defining Unicode char U+0141 (decimal 321)
   defining Unicode char U+0142 (decimal 322)
   defining Unicode char U+0152 (decimal 338)
   defining Unicode char U+0153 (decimal 339)
   defining Unicode char U+2013 (decimal 8211)
   defining Unicode char U+2014 (decimal 8212)
   defining Unicode char U+2018 (decimal 8216)
   defining Unicode char U+2019 (decimal 8217)
   defining Unicode char U+201C (decimal 8220)
   defining Unicode char U+201D (decimal 8221)
)
Now handling font encoding OMS ...
... processing UTF-8 mapping file for font encoding OMS

("C:\Program Files\MiKTeX 2.9\tex\latex\base\omsenc.dfu"
File: omsenc.dfu 2015/06/27 v1.1n UTF-8 support for inputenc
   defining Unicode char U+00A7 (decimal 167)
   defining Unicode char U+00B6 (decimal 182)
   defining Unicode char U+00B7 (decimal 183)
   defining Unicode char U+2020 (decimal 8224)
   defining Unicode char U+2021 (decimal 8225)
   defining Unicode char U+2022 (decimal 8226)
)
Now handling font encoding OMX ...
... no UTF-8 mapping file for font encoding OMX
Now handling font encoding U ...
... no UTF-8 mapping file for font encoding U
   defining Unicode char U+00A9 (decimal 169)
   defining Unicode char U+00AA (decimal 170)
   defining Unicode char U+00AE (decimal 174)
   defining Unicode char U+00BA (decimal 186)
   defining Unicode char U+02C6 (decimal 710)
   defining Unicode char U+02DC (decimal 732)
   defining Unicode char U+200C (decimal 8204)
   defining Unicode char U+2026 (decimal 8230)
   defining Unicode char U+2122 (decimal 8482)
   defining Unicode char U+2423 (decimal 9251)
))
("C:\Program Files\MiKTeX 2.9\tex\latex\graphics\color.sty"
Package: color 2014/10/28 v1.1a Standard LaTeX Color (DPC)

("C:\Program Files\MiKTeX 2.9\tex\latex\00miktex\color.cfg"
File: color.cfg 2007/01/18 v1.5 color configuration of teTeX/TeXLive
)
Package color Info: Driver file: pdftex.def on input line 142.
)
("C:\Program Files\MiKTeX 2.9\tex\latex\was\gensymb.sty"
Package: gensymb 2003/07/02 v1.0 (WaS)
)
("C:\Program Files\MiKTeX 2.9\tex\latex\listings\listings.sty"
\lst@mode=\count91
\lst@gtempboxa=\box26
\lst@token=\toks18
\lst@length=\count92
\lst@currlwidth=\dimen106
\lst@column=\count93
\lst@pos=\count94
\lst@lostspace=\dimen107
\lst@width=\dimen108
\lst@newlines=\count95
\lst@lineno=\count96
\lst@maxwidth=\dimen109

("C:\Program Files\MiKTeX 2.9\tex\latex\listings\lstmisc.sty"
File: lstmisc.sty 2015/06/04 1.6 (Carsten Heinz)
\c@lstnumber=\count97
\lst@skipnumbers=\count98
\lst@framebox=\box27
)
("C:\Program Files\MiKTeX 2.9\tex\latex\listings\listings.cfg"
File: listings.cfg 2015/06/04 1.6 listings configuration
))
Package: listings 2015/06/04 1.6 (Carsten Heinz)

("C:\Program Files\MiKTeX 2.9\tex\latex\import\import.sty"
Package: import 2009/03/23  v 5.1
)
(pythonhighlight.sty
Package: pythonhighlight 2011/09/19 python code highlighting; provided by Olivi
er Verdier <olivier.verdier@gmail.com>
 ("C:\Program Files\MiKTeX 2.9\tex\latex\xcolor\xcolor.sty"
Package: xcolor 2007/01/21 v2.11 LaTeX color extensions (UK)
("C:\Program Files\MiKTeX 2.9\tex\latex\00miktex\color.cfg"
File: color.cfg 2007/01/18 v1.5 color configuration of teTeX/TeXLive
)
Package xcolor Info: Driver file: pdftex.def on input line 225.
LaTeX Info: Redefining \color on input line 702.
Package xcolor Info: Model `cmy' substituted by `cmy0' on input line 1337.
Package xcolor Info: Model `hsb' substituted by `rgb' on input line 1341.
Package xcolor Info: Model `RGB' extended on input line 1353.
Package xcolor Info: Model `HTML' substituted by `rgb' on input line 1355.
Package xcolor Info: Model `Hsb' substituted by `hsb' on input line 1356.
Package xcolor Info: Model `tHsb' substituted by `hsb' on input line 1357.
Package xcolor Info: Model `HSB' substituted by `hsb' on input line 1358.
Package xcolor Info: Model `Gray' substituted by `gray' on input line 1359.
Package xcolor Info: Model `wave' substituted by `hsb' on input line 1360.
))
(arduinoLanguage.tex ("C:\Program Files\MiKTeX 2.9\tex\latex\psnfss\courier.sty
"
Package: courier 2005/04/12 PSNFSS-v9.2a (WaS) 
)) ("C:\Program Files\MiKTeX 2.9\tex\latex\lm\lmodern.sty"
Package: lmodern 2009/10/30 v1.6 Latin Modern Fonts
LaTeX Font Info:    Overwriting symbol font `operators' in version `normal'
(Font)                  OT1/cmr/m/n --> OT1/lmr/m/n on input line 22.
LaTeX Font Info:    Overwriting symbol font `letters' in version `normal'
(Font)                  OML/cmm/m/it --> OML/lmm/m/it on input line 23.
LaTeX Font Info:    Overwriting symbol font `symbols' in version `normal'
(Font)                  OMS/cmsy/m/n --> OMS/lmsy/m/n on input line 24.
LaTeX Font Info:    Overwriting symbol font `largesymbols' in version `normal'
(Font)                  OMX/cmex/m/n --> OMX/lmex/m/n on input line 25.
LaTeX Font Info:    Overwriting symbol font `operators' in version `bold'
(Font)                  OT1/cmr/bx/n --> OT1/lmr/bx/n on input line 26.
LaTeX Font Info:    Overwriting symbol font `letters' in version `bold'
(Font)                  OML/cmm/b/it --> OML/lmm/b/it on input line 27.
LaTeX Font Info:    Overwriting symbol font `symbols' in version `bold'
(Font)                  OMS/cmsy/b/n --> OMS/lmsy/b/n on input line 28.
LaTeX Font Info:    Overwriting symbol font `largesymbols' in version `bold'
(Font)                  OMX/cmex/m/n --> OMX/lmex/m/n on input line 29.
LaTeX Font Info:    Overwriting math alphabet `\mathbf' in version `normal'
(Font)                  OT1/cmr/bx/n --> OT1/lmr/bx/n on input line 31.
LaTeX Font Info:    Overwriting math alphabet `\mathsf' in version `normal'
(Font)                  OT1/cmss/m/n --> OT1/lmss/m/n on input line 32.
LaTeX Font Info:    Overwriting math alphabet `\mathit' in version `normal'
(Font)                  OT1/cmr/m/it --> OT1/lmr/m/it on input line 33.
LaTeX Font Info:    Overwriting math alphabet `\mathtt' in version `normal'
(Font)                  OT1/cmtt/m/n --> OT1/lmtt/m/n on input line 34.
LaTeX Font Info:    Overwriting math alphabet `\mathbf' in version `bold'
(Font)                  OT1/cmr/bx/n --> OT1/lmr/bx/n on input line 35.
LaTeX Font Info:    Overwriting math alphabet `\mathsf' in version `bold'
(Font)                  OT1/cmss/bx/n --> OT1/lmss/bx/n on input line 36.
LaTeX Font Info:    Overwriting math alphabet `\mathit' in version `bold'
(Font)                  OT1/cmr/bx/it --> OT1/lmr/bx/it on input line 37.
LaTeX Font Info:    Overwriting math alphabet `\mathtt' in version `bold'
(Font)                  OT1/cmtt/m/n --> OT1/lmtt/m/n on input line 38.
)
("C:\Program Files\MiKTeX 2.9\tex\latex\base\fontenc.sty"
Package: fontenc 2005/09/27 v1.99g Standard LaTeX package

("C:\Program Files\MiKTeX 2.9\tex\latex\base\t1enc.def"
File: t1enc.def 2005/09/27 v1.99g Standard LaTeX file
LaTeX Font Info:    Redeclaring font encoding T1 on input line 48.
)) (apunte.aux
LaTeX Info: Redefining \. on input line 6.
LaTeX Info: Redefining \% on input line 6.


LaTeX Warning: Label `lcd' multiply defined.


LaTeX Warning: Label `rele' multiply defined.

)
LaTeX Font Info:    Checking defaults for OML/cmm/m/it on input line 38.
LaTeX Font Info:    ... okay on input line 38.
LaTeX Font Info:    Checking defaults for T1/cmr/m/n on input line 38.
LaTeX Font Info:    ... okay on input line 38.
LaTeX Font Info:    Checking defaults for OT1/cmr/m/n on input line 38.
LaTeX Font Info:    ... okay on input line 38.
LaTeX Font Info:    Checking defaults for OMS/cmsy/m/n on input line 38.
LaTeX Font Info:    ... okay on input line 38.
LaTeX Font Info:    Checking defaults for OMX/cmex/m/n on input line 38.
LaTeX Font Info:    ... okay on input line 38.
LaTeX Font Info:    Checking defaults for U/cmr/m/n on input line 38.
LaTeX Font Info:    ... okay on input line 38.
LaTeX Font Info:    Try loading font information for T1+lmss on input line 38.
 ("C:\Program Files\MiKTeX 2.9\tex\latex\lm\t1lmss.fd"
File: t1lmss.fd 2009/10/30 v1.6 Font defs for Latin Modern
)
LaTeX Info: Redefining \. on input line 38.
LaTeX Info: Redefining \% on input line 38.

("C:\Program Files\MiKTeX 2.9\tex\context\base\supp-pdf.mkii"
[Loading MPS to PDF converter (version 2006.09.02).]
\scratchcounter=\count99
\scratchdimen=\dimen110
\scratchbox=\box28
\nofMPsegments=\count100
\nofMParguments=\count101
\everyMPshowfont=\toks19
\MPscratchCnt=\count102
\MPscratchDim=\dimen111
\MPnumerator=\count103
\makeMPintoPDFobject=\count104
\everyMPtoPDFconversion=\toks20
)
LaTeX Info: Redefining \celsius on input line 38.
Package gensymb Info: Faking symbols for \degree and \celsius on input line 38.



Package gensymb Warning: Not defining \perthousand.

LaTeX Info: Redefining \ohm on input line 38.
Package gensymb Info: Using \Omega for \ohm on input line 38.

Package gensymb Warning: Not defining \micro.

\c@lstlisting=\count105
LaTeX Font Info:    Font shape `T1/lmss/m/it' in size <17.28> not available
(Font)              Font shape `T1/lmss/m/sl' tried instead on input line 39.
LaTeX Font Info:    Try loading font information for OT1+lmr on input line 39.
("C:\Program Files\MiKTeX 2.9\tex\latex\lm\ot1lmr.fd"
File: ot1lmr.fd 2009/10/30 v1.6 Font defs for Latin Modern
)
LaTeX Font Info:    Try loading font information for OML+lmm on input line 39.

("C:\Program Files\MiKTeX 2.9\tex\latex\lm\omllmm.fd"
File: omllmm.fd 2009/10/30 v1.6 Font defs for Latin Modern
)
LaTeX Font Info:    Try loading font information for OMS+lmsy on input line 39.


("C:\Program Files\MiKTeX 2.9\tex\latex\lm\omslmsy.fd"
File: omslmsy.fd 2009/10/30 v1.6 Font defs for Latin Modern
)
LaTeX Font Info:    Try loading font information for OMX+lmex on input line 39.


("C:\Program Files\MiKTeX 2.9\tex\latex\lm\omxlmex.fd"
File: omxlmex.fd 2009/10/30 v1.6 Font defs for Latin Modern
)
LaTeX Font Info:    External font `lmex10' loaded for size
(Font)              <12> on input line 39.
LaTeX Font Info:    External font `lmex10' loaded for size
(Font)              <8> on input line 39.
LaTeX Font Info:    External font `lmex10' loaded for size
(Font)              <6> on input line 39.
 [1

{C:/Users/Antonio/AppData/Local/MiKTeX/2.9/pdftex/config/pdftex.map}] (apunte.t
oc
LaTeX Info: Redefining \. on input line 1.
LaTeX Info: Redefining \% on input line 1.
LaTeX Font Info:    External font `lmex10' loaded for size
(Font)              <10> on input line 3.
LaTeX Font Info:    External font `lmex10' loaded for size
(Font)              <7> on input line 3.
LaTeX Font Info:    External font `lmex10' loaded for size
(Font)              <5> on input line 3.
 [1

])
\tf@toc=\write3
 [2]
LaTeX Font Info:    Font shape `T1/lmss/m/it' in size <10> not available
(Font)              Font shape `T1/lmss/m/sl' tried instead on input line 43.
 [1]
Cap\'{\i }tulo 1.
<logoFabricantes.png, id=20, 394.08769pt x 83.38846pt>
File: logoFabricantes.png Graphic file (type png)

<use logoFabricantes.png>
Package pdftex.def Info: logoFabricantes.png used on input line 66.
(pdftex.def)             Requested size: 315.27057pt x 66.71083pt.


LaTeX Warning: `h' float specifier changed to `ht'.

[1

] <anatomiaArduino.png, id=25, 556.54077pt x 390.99924pt>
File: anatomiaArduino.png Graphic file (type png)

<use anatomiaArduino.png>
Package pdftex.def Info: anatomiaArduino.png used on input line 77.
(pdftex.def)             Requested size: 333.92703pt x 234.60135pt.


LaTeX Warning: `h' float specifier changed to `ht'.

LaTeX Font Info:    Font shape `T1/lmss/m/it' in size <8> not available
(Font)              Font shape `T1/lmss/m/sl' tried instead on input line 89.
[2 <./logoFabricantes.png>]
LaTeX Font Info:    Try loading font information for T1+lmtt on input line 91.
 ("C:\Program Files\MiKTeX 2.9\tex\latex\lm\t1lmtt.fd"
File: t1lmtt.fd 2009/10/30 v1.6 Font defs for Latin Modern
) <anatomiaRaspberry.png, id=32, 1468.87231pt x 804.23538pt>
File: anatomiaRaspberry.png Graphic file (type png)

<use anatomiaRaspberry.png>
Package pdftex.def Info: anatomiaRaspberry.png used on input line 102.
(pdftex.def)             Requested size: 293.76926pt x 160.84422pt.


LaTeX Warning: `h' float specifier changed to `ht'.

[3 <./anatomiaArduino.png>] [4 <./anatomiaRaspberry.png>]
Cap\'{\i }tulo 2.
<awpLogo.png, id=43, 682.55pt x 297.11pt>
File: awpLogo.png Graphic file (type png)
 <use awpLogo.png>
Package pdftex.def Info: awpLogo.png used on input line 115.
(pdftex.def)             Requested size: 204.76657pt x 89.13368pt.
 [5

 <./awpLogo.png>] <awp.png, id=48, 489.21231pt x 304.52231pt>
File: awp.png Graphic file (type png)
 <use awp.png>
Package pdftex.def Info: awp.png used on input line 128.
(pdftex.def)             Requested size: 293.52965pt x 182.71478pt.

<download.png, id=49, 554.07pt x 289.08pt>
File: download.png Graphic file (type png)
 <use download.png>
Package pdftex.def Info: download.png used on input line 141.
(pdftex.def)             Requested size: 332.44456pt x 173.44933pt.
 [6 <./awp.png> <./download.png>] <device_manager.jpg, id=55, 503.8825pt x 481.
8pt>
File: device_manager.jpg Graphic file (type jpg)

<use device_manager.jpg>
Package pdftex.def Info: device_manager.jpg used on input line 157.
(pdftex.def)             Requested size: 201.54942pt x 192.71658pt.
 <ideArduino.png, id=56, 736.90692pt x 334.78923pt>
File: ideArduino.png Graphic file (type png)

<use ideArduino.png>
Package pdftex.def Info: ideArduino.png used on input line 165.
(pdftex.def)             Requested size: 368.45256pt x 167.3942pt.
 <puertoplaca.png, id=57, 1052.5477pt x 455.23923pt>
File: puertoplaca.png Graphic file (type png)

<use puertoplaca.png>
Package pdftex.def Info: puertoplaca.png used on input line 171.
(pdftex.def)             Requested size: 421.01163pt x 182.09245pt.
 [7 <./device_manager.jpg>] [8 <./ideArduino.png> <./puertoplaca.png>] ("C:\Pro
gram Files\MiKTeX 2.9\tex\latex\listings\lstlang1.sty"
File: lstlang1.sty 2015/06/04 1.6 listings language file
)
("C:\Program Files\MiKTeX 2.9\tex\latex\listings\lstlang1.sty"
File: lstlang1.sty 2015/06/04 1.6 listings language file
)
("C:\Program Files\MiKTeX 2.9\tex\latex\listings\lstmisc.sty"
File: lstmisc.sty 2015/06/04 1.6 (Carsten Heinz)
)
Underfull \hbox (badness 10000) in paragraph at lines 190--192

 []

[9] <circ1.png, id=70, 403.909pt x 231.264pt>
File: circ1.png Graphic file (type png)
 <use circ1.png>
Package pdftex.def Info: circ1.png used on input line 229.
(pdftex.def)             Requested size: 282.73436pt x 161.88368pt.

<diagrama1.png, id=71, 217.613pt x 201.553pt>
File: diagrama1.png Graphic file (type png)
 <use diagrama1.png>
Package pdftex.def Info: diagrama1.png used on input line 237.
(pdftex.def)             Requested size: 195.84987pt x 181.396pt.


LaTeX Warning: `h' float specifier changed to `ht'.

<protoboard.png, id=72, 493.53615pt x 784.46924pt>
File: protoboard.png Graphic file (type png)
 <use protoboard.png>
Package pdftex.def Info: protoboard.png used on input line 243.
(pdftex.def)             Requested size: 345.47295pt x 549.12473pt.

[10 <./circ1.png>] [11 <./diagrama1.png>] [12 <./protoboard.png>]
<botonLed.png, id=85, 423.984pt x 273.02pt>
File: botonLed.png Graphic file (type png)
 <use botonLed.png>
Package pdftex.def Info: botonLed.png used on input line 289.
(pdftex.def)             Requested size: 296.78676pt x 191.11269pt.
 [13 <./botonLed.png>]
Underfull \hbox (badness 10000) in paragraph at lines 312--314

 []

LaTeX Font Info:    Try loading font information for OMS+lmss on input line 315
.
LaTeX Font Info:    No file OMSlmss.fd. on input line 315.

LaTeX Font Warning: Font shape `OMS/lmss/m/n' undefined
(Font)              using `OMS/cmsy/m/n' instead
(Font)              for symbol `textbullet' on input line 315.


Underfull \hbox (badness 10000) in paragraph at lines 315--316

 []

<pwm.png, id=90, 578.16pt x 375.55693pt>
File: pwm.png Graphic file (type png)
 <use pwm.png>
Package pdftex.def Info: pwm.png used on input line 323.
(pdftex.def)             Requested size: 289.07928pt x 187.778pt.
 [14 <./pwm.png>]
<adc.png, id=97, 686.25615pt x 175.42462pt>
File: adc.png Graphic file (type png)
 <use adc.png>
Package pdftex.def Info: adc.png used on input line 355.
(pdftex.def)             Requested size: 411.75687pt x 105.25557pt.
 [15 <./adc.png>]
<circuitoAnalogico.png, id=103, 423.984pt x 273.02pt>
File: circuitoAnalogico.png Graphic file (type png)

<use circuitoAnalogico.png>
Package pdftex.def Info: circuitoAnalogico.png used on input line 376.
(pdftex.def)             Requested size: 296.78676pt x 191.11269pt.
 <serialcom.jpg, id=104, 1284.8pt x 780.9175pt>
File: serialcom.jpg Graphic file (type jpg)

<use serialcom.jpg>
Package pdftex.def Info: serialcom.jpg used on input line 403.
(pdftex.def)             Requested size: 321.19922pt x 195.2289pt.
 [16 <./circuitoAnalogico.png>] [17 <./serialcom.jpg>]
LaTeX Font Info:    Font shape `T1/lmtt/bx/n' in size <10> not available
(Font)              Font shape `T1/lmtt/b/n' tried instead on input line 441.

<anValue.png, id=112, 423.73692pt x 96.36pt>
File: anValue.png Graphic file (type png)
 <use anValue.png>
Package pdftex.def Info: anValue.png used on input line 461.
(pdftex.def)             Requested size: 211.86794pt x 48.17987pt.
 [18 <./anValue.png>] [19]
Cap\'{\i }tulo 3.
<proceso.png, id=121, 361.9677pt x 229.78154pt>
File: proceso.png Graphic file (type png)
 <use proceso.png>
Package pdftex.def Info: proceso.png used on input line 514.
(pdftex.def)             Requested size: 253.37564pt x 160.84596pt.

<LDR-Resistor.png, id=122, 401.5pt x 217.81375pt>
File: LDR-Resistor.png Graphic file (type png)
 <use LDR-Resistor.png>
Package pdftex.def Info: LDR-Resistor.png used on input line 525.
(pdftex.def)             Requested size: 160.59715pt x 87.12395pt.


LaTeX Warning: `h' float specifier changed to `ht'.

[20

 <./proceso.png>] <circuitoLDR.png, id=127, 555.92308pt x 442.26768pt>
File: circuitoLDR.png Graphic file (type png)

<use circuitoLDR.png>
Package pdftex.def Info: circuitoLDR.png used on input line 534.
(pdftex.def)             Requested size: 194.57599pt x 154.796pt.
 [21 <./LDR-Resistor.png> <./circuitoLDR.png>]
<lm35.png, id=134, 358.33875pt x 301.125pt>
File: lm35.png Graphic file (type png)
 <use lm35.png>
Package pdftex.def Info: lm35.png used on input line 555.
(pdftex.def)             Requested size: 197.08691pt x 165.61925pt.
 [22 <./lm35.png>]
<serialPlotter.png, id=140, 781.99846pt x 357.02615pt>
File: serialPlotter.png Graphic file (type png)
 <use serialPlotter.png>
Package pdftex.def Info: serialPlotter.png used on input line 585.
(pdftex.def)             Requested size: 312.79384pt x 142.80792pt.

<ping.jpg, id=141, 686.565pt x 438.63875pt>
File: ping.jpg Graphic file (type jpg)
 <use ping.jpg>
Package pdftex.def Info: ping.jpg used on input line 595.
(pdftex.def)             Requested size: 205.97108pt x 131.59264pt.

<medicionPing.JPG, id=142, 566.115pt x 211.54031pt>
File: medicionPing.JPG Graphic file (type jpg)
 <use medicionPing.JPG>
Package pdftex.def Info: medicionPing.JPG used on input line 603.
(pdftex.def)             Requested size: 226.44199pt x 84.61461pt.


LaTeX Warning: `h' float specifier changed to `ht'.

[23 <./serialPlotter.png> <./ping.jpg>] [24 <./medicionPing.JPG>]
<lvcd.png, id=150, 670.81384pt x 298.96307pt>
File: lvcd.png Graphic file (type png)
 <use lvcd.png>
Package pdftex.def Info: lvcd.png used on input line 674.
(pdftex.def)             Requested size: 201.2457pt x 89.6896pt.

<lcd_maquina.png, id=151, 529.98pt x 295.87462pt>
File: lcd_maquina.png Graphic file (type png)
 <use lcd_maquina.png>
Package pdftex.def Info: lcd_maquina.png used on input line 682.
(pdftex.def)             Requested size: 264.98933pt x 147.93694pt.


LaTeX Warning: `h' float specifier changed to `ht'.

[25 <./lvcd.png>] <matriz.png, id=156, 103.77231pt x 169.2477pt>
File: matriz.png Graphic file (type png)

<use matriz.png>
Package pdftex.def Info: matriz.png used on input line 692.
(pdftex.def)             Requested size: 41.50818pt x 67.69786pt.
 <lcd_pines.png, id=157, 74.59059pt x 65.63972pt>
File: lcd_pines.png Graphic file (type png)

<use lcd_pines.png>
Package pdftex.def Info: lcd_pines.png used on input line 700.
(pdftex.def)             Requested size: 149.18079pt x 131.27911pt.
 [26 <./lcd_maquina.png> <./matriz.png> <./lcd_pines.png>]
Overfull \hbox (11.77283pt too wide) in paragraph at lines 719--720
[]\T1/lmss/m/n/10 Para ins-ta-lar una nue-va li-bre-ría en Ar-duino IDE, de-be 
di-ri-gir-se a \T1/lmtt/m/n/10 Sketch>Include Library>Manage Libariess\T1/lmss/
m/n/10 ,
 []

<LibraryManager_1.png, id=164, 754.31813pt x 527.72156pt>
File: LibraryManager_1.png Graphic file (type png)

<use LibraryManager_1.png>
Package pdftex.def Info: LibraryManager_1.png used on input line 723.
(pdftex.def)             Requested size: 377.15814pt x 263.86014pt.
 <libManager.png, id=165, 657.22461pt x 381.73384pt>
File: libManager.png Graphic file (type png)

<use libManager.png>
Package pdftex.def Info: libManager.png used on input line 731.
(pdftex.def)             Requested size: 328.6115pt x 190.86646pt.


LaTeX Warning: `h' float specifier changed to `ht'.

[27 <./LibraryManager_1.png>]
Underfull \hbox (badness 10000) in paragraph at lines 739--741

 []

[28 <./libManager.png>] <circuitoLCD.png, id=175, 225.643pt x 200.21466pt>
File: circuitoLCD.png Graphic file (type png)

<use circuitoLCD.png>
Package pdftex.def Info: circuitoLCD.png used on input line 775.
(pdftex.def)             Requested size: 203.07681pt x 180.19151pt.
 <ejemplo.jpg, id=176, 652.4375pt x 380.42125pt>
File: ejemplo.jpg Graphic file (type jpg)

<use ejemplo.jpg>
Package pdftex.def Info: ejemplo.jpg used on input line 785.
(pdftex.def)             Requested size: 260.97037pt x 152.16579pt.
 <servomotores.jpg, id=177, 484.81125pt x 217.5628pt>
File: servomotores.jpg Graphic file (type jpg)

<use servomotores.jpg>
Package pdftex.def Info: servomotores.jpg used on input line 795.
(pdftex.def)             Requested size: 193.92105pt x 87.02357pt.


LaTeX Warning: `h' float specifier changed to `ht'.

[29 <./circuitoLCD.png> <./ejemplo.jpg>]
Underfull \hbox (badness 10000) in paragraph at lines 813--815

 []

[30 <./servomotores.jpg>] <servoCircuit.png, id=187, 385.44pt x 402.11769pt>
File: servoCircuit.png Graphic file (type png)

<use servoCircuit.png>
Package pdftex.def Info: servoCircuit.png used on input line 852.
(pdftex.def)             Requested size: 154.17326pt x 160.84422pt.
 <motorDC.jpg, id=188, 903.375pt x 903.375pt>
File: motorDC.jpg Graphic file (type jpg)

<use motorDC.jpg>
Package pdftex.def Info: motorDC.jpg used on input line 869.
(pdftex.def)             Requested size: 90.34279pt x 90.34279pt.
 [31 <./servoCircuit.png>]
<driverDC.png, id=193, 389.14615pt x 475.62308pt>
File: driverDC.png Graphic file (type png)
 <use driverDC.png>
Package pdftex.def Info: driverDC.png used on input line 881.
(pdftex.def)             Requested size: 194.5726pt x 237.81096pt.
 [32 <./motorDC.jpg> <./driverDC.png>]
<driverDCdum.png, id=198, 603.48538pt x 400.26462pt>
File: driverDCdum.png Graphic file (type png)
 <use driverDCdum.png>
Package pdftex.def Info: driverDCdum.png used on input line 902.
(pdftex.def)             Requested size: 301.74196pt x 200.13182pt.

[33 <./driverDCdum.png>] <relayDiag.png, id=204, 395.94077pt x 159.98232pt>
File: relayDiag.png Graphic file (type png)

<use relayDiag.png>
Package pdftex.def Info: relayDiag.png used on input line 919.
(pdftex.def)             Requested size: 197.9699pt x 79.99095pt.
 <relayModule.JPG, id=205, 1003.75pt x 752.8125pt>
File: relayModule.JPG Graphic file (type jpg)

<use relayModule.JPG>
Package pdftex.def Info: relayModule.JPG used on input line 927.
(pdftex.def)             Requested size: 150.556pt x 112.91699pt.
 <relay.png, id=206, 2005.4925pt x 1276.77pt>
File: relay.png Graphic file (type png)

<use relay.png>
Package pdftex.def Info: relay.png used on input line 940.
(pdftex.def)             Requested size: 300.8109pt x 191.50723pt.


LaTeX Warning: `h' float specifier changed to `ht'.

<aplicacion.png, id=207, 492.33937pt x 261.22594pt>
File: aplicacion.png Graphic file (type png)
 <use aplicacion.png>
Package pdftex.def Info: aplicacion.png used on input line 949.
(pdftex.def)             Requested size: 295.40588pt x 156.73676pt.


LaTeX Warning: `h' float specifier changed to `ht'.

[34 <./relayDiag.png> <./relayModule.JPG>] [35 <./relay.png> <./aplicacion.png>
]
Cap\'{\i }tulo 4.
<Estanque.pdf, id=217, 195.65875pt x 92.33301pt>
File: Estanque.pdf Graphic file (type pdf)
 <use Estanque.pdf>
Package pdftex.def Info: Estanque.pdf used on input line 972.
(pdftex.def)             Requested size: 156.5272pt x 73.86649pt.


LaTeX Warning: `h' float specifier changed to `ht'.

<EstanqueControl.png, id=218, 695.59875pt x 468.75125pt>
File: EstanqueControl.png Graphic file (type png)

<use EstanqueControl.png>
Package pdftex.def Info: EstanqueControl.png used on input line 979.
(pdftex.def)             Requested size: 159.98434pt x 107.81052pt.


LaTeX Warning: `h' float specifier changed to `ht'.

[36

] <egControl.pdf, id=222, 389.063pt x 72.22163pt>
File: egControl.pdf Graphic file (type pdf)
 <use egControl.pdf>
Package pdftex.def Info: egControl.pdf used on input line 1006.
(pdftex.def)             Requested size: 350.15346pt x 64.99884pt.

[37 <./Estanque.pdf> <./EstanqueControl.png>] [38 <./egControl.pdf>]
<levitron.png, id=252, 516.39076pt x 554.6877pt>
File: levitron.png Graphic file (type png)
 <use levitron.png>
Package pdftex.def Info: levitron.png used on input line 1052.
(pdftex.def)             Requested size: 206.55264pt x 221.87114pt.

<controlLevi.png, id=253, 401.5pt x 79.8985pt>
File: controlLevi.png Graphic file (type png)
 <use controlLevi.png>
Package pdftex.def Info: controlLevi.png used on input line 1060.
(pdftex.def)             Requested size: 401.49901pt x 79.89828pt.
 [39 <./levitron.png> <./controlLevi.png>] [40] [41] [42]
Cap\'{\i }tulo 5.
<logoRaspberry.png, id=269, 1003.75pt x 893.3375pt>
File: logoRaspberry.png Graphic file (type png)
 <use logoRaspberry.png>
Package pdftex.def Info: logoRaspberry.png used on input line 1179.
(pdftex.def)             Requested size: 150.556pt x 133.99484pt.

<pi3.jpg, id=270, 1182.66844pt x 813.0375pt>
File: pi3.jpg Graphic file (type jpg)
 <use pi3.jpg>
Package pdftex.def Info: pi3.jpg used on input line 1188.
(pdftex.def)             Requested size: 295.66638pt x 203.25888pt.


LaTeX Warning: `h' float specifier changed to `ht'.

[43

 <./logoRaspberry.png>] <startup.png, id=275, 1069.22539pt x 396.55846pt>
File: startup.png Graphic file (type png)

<use startup.png>
Package pdftex.def Info: startup.png used on input line 1211.
(pdftex.def)             Requested size: 320.7701pt x 118.96844pt.


LaTeX Warning: `h' float specifier changed to `ht'.

<piConf.png, id=276, 1014.86845pt x 421.88385pt>
File: piConf.png Graphic file (type png)
 <use piConf.png>
Package pdftex.def Info: piConf.png used on input line 1219.
(pdftex.def)             Requested size: 304.46289pt x 126.56612pt.


LaTeX Warning: `h' float specifier changed to `ht'.

[44 <./pi3.jpg>] <ifconfig.png, id=280, 527.50923pt x 332.31847pt>
File: ifconfig.png Graphic file (type png)

<use ifconfig.png>
Package pdftex.def Info: ifconfig.png used on input line 1237.
(pdftex.def)             Requested size: 316.50798pt x 199.39261pt.


LaTeX Warning: `!h' float specifier changed to `!ht'.

<vnc.png, id=281, 1098.87462pt x 617.6923pt>
File: vnc.png Graphic file (type png)
 <use vnc.png>
Package pdftex.def Info: vnc.png used on input line 1246.
(pdftex.def)             Requested size: 329.66493pt x 185.30911pt.


LaTeX Warning: `!h' float specifier changed to `!ht'.

[45 <./startup.png> <./piConf.png>]
<gpios.png, id=288, 768.22441pt x 256.0748pt>
File: gpios.png Graphic file (type png)
 <use gpios.png>
Package pdftex.def Info: gpios.png used on input line 1259.
(pdftex.def)             Requested size: 422.52473pt x 140.84157pt.


LaTeX Warning: `!h' float specifier changed to `!ht'.

[46 <./ifconfig.png> <./vnc.png>] <testPi.png, id=294, 425.59pt x 264.99pt>
File: testPi.png Graphic file (type png)

<use testPi.png>
Package pdftex.def Info: testPi.png used on input line 1271.
(pdftex.def)             Requested size: 340.47244pt x 211.99228pt.

Underfull \hbox (badness 10000) in paragraph at lines 1283--1284

 []

[47 <./gpios.png> <./testPi.png>]
("C:\Program Files\MiKTeX 2.9\tex\latex\listings\lstlang1.sty"
File: lstlang1.sty 2015/06/04 1.6 listings language file
) [48]
<ubidots.png, id=303, 255.95625pt x 255.95625pt>
File: ubidots.png Graphic file (type png)
 <use ubidots.png>
Package pdftex.def Info: ubidots.png used on input line 1327.
(pdftex.def)             Requested size: 76.78746pt x 76.78746pt.

<dashboard.jpg, id=304, 1198.4775pt x 769.87625pt>
File: dashboard.jpg Graphic file (type jpg)
 <use dashboard.jpg>
Package pdftex.def Info: dashboard.jpg used on input line 1336.
(pdftex.def)             Requested size: 239.69125pt x 153.97252pt.

<dispositivo.png, id=305, 1098.87462pt x 1253.2977pt>
File: dispositivo.png Graphic file (type png)
 <use dispositivo.png>
Package pdftex.def Info: dispositivo.png used on input line 1351.
(pdftex.def)             Requested size: 329.66493pt x 375.99222pt.


LaTeX Warning: `!h' float specifier changed to `!ht'.

[49 <./ubidots.png (PNG copy)> <./dashboard.jpg>]
<varid.png, id=309, 328.6123pt x 203.22076pt>
File: varid.png Graphic file (type png)
 <use varid.png>
Package pdftex.def Info: varid.png used on input line 1359.
(pdftex.def)             Requested size: 197.16888pt x 121.93338pt.
 [50 <./dispositivo.png> <./varid.png>] <dash.png, id=315, 665.25461pt x 379.26
308pt>
File: dash.png Graphic file (type png)

<use dash.png>
Package pdftex.def Info: dash.png used on input line 1367.
(pdftex.def)             Requested size: 266.09712pt x 151.70253pt.
 [51 <./dash.png>] [52]
<android.png, id=324, 542.025pt x 963.6pt>
File: android.png Graphic file (type png)
 <use android.png>
Package pdftex.def Info: android.png used on input line 1475.
(pdftex.def)             Requested size: 108.40308pt x 192.71658pt.
 [53 <./android.png (PNG copy)>] [54

] [55] (apunte.aux
LaTeX Info: Redefining \. on input line 6.
LaTeX Info: Redefining \% on input line 6.
)

LaTeX Font Warning: Some font shapes were not available, defaults substituted.


LaTeX Warning: There were multiply-defined labels.

 ) 
Here is how much of TeX's memory you used:
 5770 strings out of 493673
 74538 string characters out of 3143954
 256495 words of memory out of 3000000
 8961 multiletter control sequences out of 15000+200000
 77220 words of font info for 55 fonts, out of 3000000 for 9000
 1025 hyphenation exceptions out of 8191
 45i,8n,76p,1544b,1772s stack positions out of 5000i,500n,10000p,200000b,50000s
{C:/Program Files/MiKTeX 2.9/fonts/enc/dvips/lm/lm-ec.enc}{C:/Program Files/M
iKTeX 2.9/fonts/enc/dvips/lm/lm-mathit.enc}{C:/Program Files/MiKTeX 2.9/fonts/e
nc/dvips/lm/lm-rm.enc}{C:/Program Files/MiKTeX 2.9/fonts/enc/dvips/lm/lm-mathsy
.enc}<C:/Program Files/MiKTeX 2.9/fonts/type1/public/amsfonts/cm/cmsy10.pfb><C:
/Program Files/MiKTeX 2.9/fonts/type1/public/lm/lmmi10.pfb><C:/Program Files/Mi
KTeX 2.9/fonts/type1/public/lm/lmr10.pfb><C:/Program Files/MiKTeX 2.9/fonts/typ
e1/public/lm/lmss10.pfb><C:/Program Files/MiKTeX 2.9/fonts/type1/public/lm/lmss
12.pfb><C:/Program Files/MiKTeX 2.9/fonts/type1/public/lm/lmss17.pfb><C:/Progra
m Files/MiKTeX 2.9/fonts/type1/public/lm/lmss8.pfb><C:/Program Files/MiKTeX 2.9
/fonts/type1/public/lm/lmssbx10.pfb><C:/Program Files/MiKTeX 2.9/fonts/type1/pu
blic/lm/lmsso10.pfb><C:/Program Files/MiKTeX 2.9/fonts/type1/public/lm/lmsso17.
pfb><C:/Program Files/MiKTeX 2.9/fonts/type1/public/lm/lmsso8.pfb><C:/Program F
iles/MiKTeX 2.9/fonts/type1/public/lm/lmsy10.pfb><C:/Program Files/MiKTeX 2.9/f
onts/type1/public/lm/lmsy7.pfb><C:/Program Files/MiKTeX 2.9/fonts/type1/public/
lm/lmtk10.pfb><C:/Program Files/MiKTeX 2.9/fonts/type1/public/lm/lmtt10.pfb><C:
/Program Files/MiKTeX 2.9/fonts/type1/public/lm/lmtti10.pfb>
Output written on apunte.pdf (59 pages, 16754274 bytes).
PDF statistics:
 391 PDF objects out of 1000 (max. 8388607)
 0 named destinations out of 1000 (max. 500000)
 306 words of extra memory for PDF output out of 10000 (max. 10000000)

